# Logfile created on Thu Dec 30 18:42:48 -0800 2010 by logger.rb/22285
D, [2011-01-02T16:07:00.418708 #397] DEBUG -- : Guessed service url: "http://localhost:3000/"
D, [2011-01-02T16:07:00.428195 #397] DEBUG -- : Generated login url: https://auth-test.berkeley.edu/cas/login?service=http%3A%2F%2Flocalhost%3A3000%2F
D, [2011-01-02T16:07:00.442031 #397] DEBUG -- : Redirecting to "https://auth-test.berkeley.edu/cas/login?service=http%3A%2F%2Flocalhost%3A3000%2F"
D, [2011-01-02T16:07:35.536573 #397] DEBUG -- : Request contains ticket "ST-17811-jI47mo5DskWqcNkekefp-cas-t1".
D, [2011-01-02T16:07:35.536918 #397] DEBUG -- : Guessed service url: "http://localhost:3000/"
D, [2011-01-02T16:07:35.537143 #397] DEBUG -- : Requesting CAS response for URI https://auth-test.berkeley.edu/cas/proxyValidate?ticket=ST-17811-jI47mo5DskWqcNkekefp-cas-t1&service=http%3A%2F%2Flocalhost%3A3000%2F
D, [2011-01-02T16:07:35.861084 #397] DEBUG -- : CAS server responded with #<Net::HTTPOK 200 OK readbody=true>:
<cas:serviceResponse xmlns:cas='http://www.yale.edu/tp/cas'>
	<cas:authenticationSuccess>
		<cas:user>310061</cas:user>


	</cas:authenticationSuccess>
</cas:serviceResponse>

I, [2011-01-02T16:07:35.865703 #397]  INFO -- : Ticket "ST-17811-jI47mo5DskWqcNkekefp-cas-t1" for service "http://localhost:3000/" belonging to user "310061" is VALID.
D, [2011-01-02T16:07:35.865839 #397] DEBUG -- : Extra user attributes provided along with ticket "ST-17811-jI47mo5DskWqcNkekefp-cas-t1": {}.
<<<<<<< HEAD
D, [2011-01-02T17:31:39.072746 #397] DEBUG -- : Request contains ticket "ST-17896-Eum7UOqbUak0XINcySmd-cas-t1".
D, [2011-01-02T17:31:39.073106 #397] DEBUG -- : Guessed service url: "http://localhost:3000/"
D, [2011-01-02T17:31:39.073313 #397] DEBUG -- : Requesting CAS response for URI https://auth-test.berkeley.edu/cas/proxyValidate?ticket=ST-17896-Eum7UOqbUak0XINcySmd-cas-t1&service=http%3A%2F%2Flocalhost%3A3000%2F
D, [2011-01-02T17:31:39.363149 #397] DEBUG -- : CAS server responded with #<Net::HTTPOK 200 OK readbody=true>:
<cas:serviceResponse xmlns:cas='http://www.yale.edu/tp/cas'>
	<cas:authenticationSuccess>
		<cas:user>310061</cas:user>


	</cas:authenticationSuccess>
</cas:serviceResponse>

I, [2011-01-02T17:31:39.367637 #397]  INFO -- : Ticket "ST-17896-Eum7UOqbUak0XINcySmd-cas-t1" for service "http://localhost:3000/" belonging to user "310061" is VALID.
D, [2011-01-02T17:31:39.367744 #397] DEBUG -- : Extra user attributes provided along with ticket "ST-17896-Eum7UOqbUak0XINcySmd-cas-t1": {}.
D, [2011-01-02T17:31:42.191200 #397] DEBUG -- : Guessed service url: "http://localhost:3000/"
D, [2011-01-02T17:31:42.191402 #397] DEBUG -- : Generated login url: https://auth-test.berkeley.edu/cas/login?service=http%3A%2F%2Flocalhost%3A3000%2F
D, [2011-01-02T17:31:42.191529 #397] DEBUG -- : Redirecting to "https://auth-test.berkeley.edu/cas/login?service=http%3A%2F%2Flocalhost%3A3000%2F"
D, [2011-01-02T17:31:42.259569 #397] DEBUG -- : Request contains ticket "ST-17897-nk01s9h67c6C6CkqR9L6-cas-t1".
D, [2011-01-02T17:31:42.259914 #397] DEBUG -- : Guessed service url: "http://localhost:3000/"
D, [2011-01-02T17:31:42.260109 #397] DEBUG -- : Requesting CAS response for URI https://auth-test.berkeley.edu/cas/proxyValidate?ticket=ST-17897-nk01s9h67c6C6CkqR9L6-cas-t1&service=http%3A%2F%2Flocalhost%3A3000%2F
D, [2011-01-02T17:31:42.545967 #397] DEBUG -- : CAS server responded with #<Net::HTTPOK 200 OK readbody=true>:
<cas:serviceResponse xmlns:cas='http://www.yale.edu/tp/cas'>
	<cas:authenticationSuccess>
		<cas:user>310061</cas:user>


	</cas:authenticationSuccess>
</cas:serviceResponse>

I, [2011-01-02T17:31:42.550612 #397]  INFO -- : Ticket "ST-17897-nk01s9h67c6C6CkqR9L6-cas-t1" for service "http://localhost:3000/" belonging to user "310061" is VALID.
D, [2011-01-02T17:31:42.550742 #397] DEBUG -- : Extra user attributes provided along with ticket "ST-17897-nk01s9h67c6C6CkqR9L6-cas-t1": {}.
D, [2011-01-02T17:41:25.229811 #397] DEBUG -- : Request contains ticket "ST-17897-nk01s9h67c6C6CkqR9L6-cas-t1".
D, [2011-01-02T17:41:25.230234 #397] DEBUG -- : Guessed service url: "http://localhost:3000/"
W, [2011-01-02T17:41:25.230328 #397]  WARN -- : Re-using previously validated ticket since the ticket id and service are the same.
D, [2011-01-02T17:44:18.990484 #397] DEBUG -- : Request contains ticket "ST-17897-nk01s9h67c6C6CkqR9L6-cas-t1".
D, [2011-01-02T17:44:18.990826 #397] DEBUG -- : Guessed service url: "http://localhost:3000/"
W, [2011-01-02T17:44:18.990888 #397]  WARN -- : Re-using previously validated ticket since the ticket id and service are the same.
D, [2011-01-02T17:48:39.313672 #397] DEBUG -- : Request contains ticket "ST-17897-nk01s9h67c6C6CkqR9L6-cas-t1".
D, [2011-01-02T17:48:39.314001 #397] DEBUG -- : Guessed service url: "http://localhost:3000/"
W, [2011-01-02T17:48:39.314061 #397]  WARN -- : Re-using previously validated ticket since the ticket id and service are the same.
D, [2011-01-02T17:50:26.336362 #397] DEBUG -- : Request contains ticket "ST-17897-nk01s9h67c6C6CkqR9L6-cas-t1".
D, [2011-01-02T17:50:26.336777 #397] DEBUG -- : Guessed service url: "http://localhost:3000/"
W, [2011-01-02T17:50:26.336838 #397]  WARN -- : Re-using previously validated ticket since the ticket id and service are the same.
D, [2011-01-02T17:50:28.285529 #397] DEBUG -- : Guessed service url: "http://localhost:3000/application/logout"
D, [2011-01-02T17:50:28.285723 #397] DEBUG -- : Generated login url: https://auth-test.berkeley.edu/cas/login?service=http%3A%2F%2Flocalhost%3A3000%2Fapplication%2Flogout
D, [2011-01-02T17:50:28.285846 #397] DEBUG -- : Redirecting to "https://auth-test.berkeley.edu/cas/login?service=http%3A%2F%2Flocalhost%3A3000%2Fapplication%2Flogout"
D, [2011-01-02T17:50:28.474959 #397] DEBUG -- : Request contains ticket "ST-434-cVFJsmC1y3cfgbwm7dvJ-cas-t2".
D, [2011-01-02T17:50:28.475327 #397] DEBUG -- : Guessed service url: "http://localhost:3000/application/logout"
D, [2011-01-02T17:50:28.475546 #397] DEBUG -- : Requesting CAS response for URI https://auth-test.berkeley.edu/cas/proxyValidate?ticket=ST-434-cVFJsmC1y3cfgbwm7dvJ-cas-t2&service=http%3A%2F%2Flocalhost%3A3000%2Fapplication%2Flogout
D, [2011-01-02T17:50:28.761458 #397] DEBUG -- : CAS server responded with #<Net::HTTPOK 200 OK readbody=true>:
<cas:serviceResponse xmlns:cas='http://www.yale.edu/tp/cas'>
	<cas:authenticationSuccess>
		<cas:user>310061</cas:user>


	</cas:authenticationSuccess>
</cas:serviceResponse>

I, [2011-01-02T17:50:28.766169 #397]  INFO -- : Ticket "ST-434-cVFJsmC1y3cfgbwm7dvJ-cas-t2" for service "http://localhost:3000/application/logout" belonging to user "310061" is VALID.
D, [2011-01-02T17:50:28.766292 #397] DEBUG -- : Extra user attributes provided along with ticket "ST-434-cVFJsmC1y3cfgbwm7dvJ-cas-t2": {}.
D, [2011-01-02T17:50:39.747494 #397] DEBUG -- : Guessed service url: "http://localhost:3000/"
D, [2011-01-02T17:50:39.747696 #397] DEBUG -- : Generated login url: https://auth-test.berkeley.edu/cas/login?service=http%3A%2F%2Flocalhost%3A3000%2F
D, [2011-01-02T17:50:39.747757 #397] DEBUG -- : Redirecting to "https://auth-test.berkeley.edu/cas/login?service=http%3A%2F%2Flocalhost%3A3000%2F"
D, [2011-01-02T17:50:39.800256 #397] DEBUG -- : Request contains ticket "ST-435-gPJKGWCFg4UqZIbk1NfQ-cas-t2".
D, [2011-01-02T17:50:39.800703 #397] DEBUG -- : Guessed service url: "http://localhost:3000/"
D, [2011-01-02T17:50:39.800922 #397] DEBUG -- : Requesting CAS response for URI https://auth-test.berkeley.edu/cas/proxyValidate?ticket=ST-435-gPJKGWCFg4UqZIbk1NfQ-cas-t2&service=http%3A%2F%2Flocalhost%3A3000%2F
D, [2011-01-02T17:50:40.052643 #397] DEBUG -- : CAS server responded with #<Net::HTTPOK 200 OK readbody=true>:
<cas:serviceResponse xmlns:cas='http://www.yale.edu/tp/cas'>
	<cas:authenticationSuccess>
		<cas:user>310061</cas:user>


	</cas:authenticationSuccess>
</cas:serviceResponse>

I, [2011-01-02T17:50:40.057146 #397]  INFO -- : Ticket "ST-435-gPJKGWCFg4UqZIbk1NfQ-cas-t2" for service "http://localhost:3000/" belonging to user "310061" is VALID.
D, [2011-01-02T17:50:40.057273 #397] DEBUG -- : Extra user attributes provided along with ticket "ST-435-gPJKGWCFg4UqZIbk1NfQ-cas-t2": {}.
D, [2011-01-02T17:50:42.945008 #397] DEBUG -- : Guessed service url: "http://localhost:3000/application/logout"
D, [2011-01-02T17:50:42.945256 #397] DEBUG -- : Generated login url: https://auth-test.berkeley.edu/cas/login?service=http%3A%2F%2Flocalhost%3A3000%2Fapplication%2Flogout
D, [2011-01-02T17:50:42.945385 #397] DEBUG -- : Redirecting to "https://auth-test.berkeley.edu/cas/login?service=http%3A%2F%2Flocalhost%3A3000%2Fapplication%2Flogout"
D, [2011-01-02T17:50:42.997255 #397] DEBUG -- : Request contains ticket "ST-436-G5LaseYYiDIWyJbSJBjc-cas-t2".
D, [2011-01-02T17:50:42.997622 #397] DEBUG -- : Guessed service url: "http://localhost:3000/application/logout"
D, [2011-01-02T17:50:42.997854 #397] DEBUG -- : Requesting CAS response for URI https://auth-test.berkeley.edu/cas/proxyValidate?ticket=ST-436-G5LaseYYiDIWyJbSJBjc-cas-t2&service=http%3A%2F%2Flocalhost%3A3000%2Fapplication%2Flogout
D, [2011-01-02T17:50:43.253322 #397] DEBUG -- : CAS server responded with #<Net::HTTPOK 200 OK readbody=true>:
<cas:serviceResponse xmlns:cas='http://www.yale.edu/tp/cas'>
	<cas:authenticationSuccess>
		<cas:user>310061</cas:user>


	</cas:authenticationSuccess>
</cas:serviceResponse>

I, [2011-01-02T17:50:43.257948 #397]  INFO -- : Ticket "ST-436-G5LaseYYiDIWyJbSJBjc-cas-t2" for service "http://localhost:3000/application/logout" belonging to user "310061" is VALID.
D, [2011-01-02T17:50:43.258098 #397] DEBUG -- : Extra user attributes provided along with ticket "ST-436-G5LaseYYiDIWyJbSJBjc-cas-t2": {}.
D, [2011-01-02T17:50:47.746282 #397] DEBUG -- : Guessed service url: "http://localhost:3000/"
D, [2011-01-02T17:50:47.746497 #397] DEBUG -- : Generated login url: https://auth-test.berkeley.edu/cas/login?service=http%3A%2F%2Flocalhost%3A3000%2F
D, [2011-01-02T17:50:47.746582 #397] DEBUG -- : Redirecting to "https://auth-test.berkeley.edu/cas/login?service=http%3A%2F%2Flocalhost%3A3000%2F"
D, [2011-01-02T17:50:47.800457 #397] DEBUG -- : Request contains ticket "ST-437-rhqK6ZtVK1eSVNRfU2BW-cas-t2".
D, [2011-01-02T17:50:47.800850 #397] DEBUG -- : Guessed service url: "http://localhost:3000/"
D, [2011-01-02T17:50:47.801084 #397] DEBUG -- : Requesting CAS response for URI https://auth-test.berkeley.edu/cas/proxyValidate?ticket=ST-437-rhqK6ZtVK1eSVNRfU2BW-cas-t2&service=http%3A%2F%2Flocalhost%3A3000%2F
D, [2011-01-02T17:50:48.111248 #397] DEBUG -- : CAS server responded with #<Net::HTTPOK 200 OK readbody=true>:
<cas:serviceResponse xmlns:cas='http://www.yale.edu/tp/cas'>
	<cas:authenticationSuccess>
		<cas:user>310061</cas:user>


	</cas:authenticationSuccess>
</cas:serviceResponse>

I, [2011-01-02T17:50:48.116007 #397]  INFO -- : Ticket "ST-437-rhqK6ZtVK1eSVNRfU2BW-cas-t2" for service "http://localhost:3000/" belonging to user "310061" is VALID.
D, [2011-01-02T17:50:48.116133 #397] DEBUG -- : Extra user attributes provided along with ticket "ST-437-rhqK6ZtVK1eSVNRfU2BW-cas-t2": {}.
D, [2011-01-02T17:51:18.026567 #397] DEBUG -- : Request contains ticket "ST-437-rhqK6ZtVK1eSVNRfU2BW-cas-t2".
D, [2011-01-02T17:51:18.026901 #397] DEBUG -- : Guessed service url: "http://localhost:3000/"
W, [2011-01-02T17:51:18.026960 #397]  WARN -- : Re-using previously validated ticket since the ticket id and service are the same.
D, [2011-01-02T17:51:20.101681 #397] DEBUG -- : Request contains ticket "ST-437-rhqK6ZtVK1eSVNRfU2BW-cas-t2".
D, [2011-01-02T17:51:20.102024 #397] DEBUG -- : Guessed service url: "http://localhost:3000/"
W, [2011-01-02T17:51:20.102084 #397]  WARN -- : Re-using previously validated ticket since the ticket id and service are the same.
D, [2011-01-02T17:51:20.770717 #397] DEBUG -- : Request contains ticket "ST-437-rhqK6ZtVK1eSVNRfU2BW-cas-t2".
D, [2011-01-02T17:51:20.771095 #397] DEBUG -- : Guessed service url: "http://localhost:3000/"
W, [2011-01-02T17:51:20.771206 #397]  WARN -- : Re-using previously validated ticket since the ticket id and service are the same.
D, [2011-01-02T17:52:04.885401 #397] DEBUG -- : Request contains ticket "ST-437-rhqK6ZtVK1eSVNRfU2BW-cas-t2".
D, [2011-01-02T17:52:04.885744 #397] DEBUG -- : Guessed service url: "http://localhost:3000/"
W, [2011-01-02T17:52:04.885806 #397]  WARN -- : Re-using previously validated ticket since the ticket id and service are the same.
D, [2011-01-02T17:52:42.780717 #397] DEBUG -- : Guessed service url: "http://localhost:3000/application/logout"
D, [2011-01-02T17:52:42.780949 #397] DEBUG -- : Generated login url: https://auth-test.berkeley.edu/cas/login?service=http%3A%2F%2Flocalhost%3A3000%2Fapplication%2Flogout
D, [2011-01-02T17:52:42.781120 #397] DEBUG -- : Redirecting to "https://auth-test.berkeley.edu/cas/login?service=http%3A%2F%2Flocalhost%3A3000%2Fapplication%2Flogout"
D, [2011-01-02T17:52:43.040014 #397] DEBUG -- : Request contains ticket "ST-438-pSMcYyct02McAfNp2Xth-cas-t2".
D, [2011-01-02T17:52:43.040375 #397] DEBUG -- : Guessed service url: "http://localhost:3000/application/logout"
D, [2011-01-02T17:52:43.040581 #397] DEBUG -- : Requesting CAS response for URI https://auth-test.berkeley.edu/cas/proxyValidate?ticket=ST-438-pSMcYyct02McAfNp2Xth-cas-t2&service=http%3A%2F%2Flocalhost%3A3000%2Fapplication%2Flogout
D, [2011-01-02T17:52:43.342182 #397] DEBUG -- : CAS server responded with #<Net::HTTPOK 200 OK readbody=true>:
<cas:serviceResponse xmlns:cas='http://www.yale.edu/tp/cas'>
	<cas:authenticationSuccess>
		<cas:user>310061</cas:user>


	</cas:authenticationSuccess>
</cas:serviceResponse>

I, [2011-01-02T17:52:43.346879 #397]  INFO -- : Ticket "ST-438-pSMcYyct02McAfNp2Xth-cas-t2" for service "http://localhost:3000/application/logout" belonging to user "310061" is VALID.
D, [2011-01-02T17:52:43.347005 #397] DEBUG -- : Extra user attributes provided along with ticket "ST-438-pSMcYyct02McAfNp2Xth-cas-t2": {}.
D, [2011-01-02T17:52:56.640785 #397] DEBUG -- : Guessed service url: "http://localhost:3000/"
D, [2011-01-02T17:52:56.640981 #397] DEBUG -- : Generated login url: https://auth-test.berkeley.edu/cas/login?service=http%3A%2F%2Flocalhost%3A3000%2F
D, [2011-01-02T17:52:56.641047 #397] DEBUG -- : Redirecting to "https://auth-test.berkeley.edu/cas/login?service=http%3A%2F%2Flocalhost%3A3000%2F"
D, [2011-01-02T18:24:38.646113 #397] DEBUG -- : Guessed service url: "http://localhost:3000/"
D, [2011-01-02T18:24:38.646309 #397] DEBUG -- : Generated login url: https://auth-test.berkeley.edu/cas/login?service=http%3A%2F%2Flocalhost%3A3000%2F
D, [2011-01-02T18:24:38.646438 #397] DEBUG -- : Redirecting to "https://auth-test.berkeley.edu/cas/login?service=http%3A%2F%2Flocalhost%3A3000%2F"
D, [2011-01-02T18:24:45.143059 #397] DEBUG -- : Request contains ticket "ST-442-NXy0emzrjljoCfi5ZX4o-cas-t2".
D, [2011-01-02T18:24:45.143436 #397] DEBUG -- : Guessed service url: "http://localhost:3000/"
D, [2011-01-02T18:24:45.143632 #397] DEBUG -- : Requesting CAS response for URI https://auth-test.berkeley.edu/cas/proxyValidate?ticket=ST-442-NXy0emzrjljoCfi5ZX4o-cas-t2&service=http%3A%2F%2Flocalhost%3A3000%2F
D, [2011-01-02T18:24:45.524299 #397] DEBUG -- : CAS server responded with #<Net::HTTPOK 200 OK readbody=true>:
<cas:serviceResponse xmlns:cas='http://www.yale.edu/tp/cas'>
	<cas:authenticationSuccess>
		<cas:user>310061</cas:user>


	</cas:authenticationSuccess>
</cas:serviceResponse>

I, [2011-01-02T18:24:45.529031 #397]  INFO -- : Ticket "ST-442-NXy0emzrjljoCfi5ZX4o-cas-t2" for service "http://localhost:3000/" belonging to user "310061" is VALID.
D, [2011-01-02T18:24:45.529156 #397] DEBUG -- : Extra user attributes provided along with ticket "ST-442-NXy0emzrjljoCfi5ZX4o-cas-t2": {}.
=======
D, [2011-01-02T16:14:06.496161 #4856] DEBUG -- : Guessed service url: "http://localhost:3000/peer_advisors"
D, [2011-01-02T16:14:06.498161 #4856] DEBUG -- : Generated login url: https://auth-test.berkeley.edu/cas/login?service=http%3A%2F%2Flocalhost%3A3000%2Fpeer_advisors
D, [2011-01-02T16:14:15.981703 #4856] DEBUG -- : Redirecting to "https://auth-test.berkeley.edu/cas/login?service=http%3A%2F%2Flocalhost%3A3000%2Fpeer_advisors"
D, [2011-01-02T16:14:21.998047 #4856] DEBUG -- : Request contains ticket "ST-420-P7c2eT6ph2Bm0c0QogBr-cas-t2".
D, [2011-01-02T16:14:22.000048 #4856] DEBUG -- : Guessed service url: "http://localhost:3000/peer_advisors"
D, [2011-01-02T16:14:22.003048 #4856] DEBUG -- : Requesting CAS response for URI https://auth-test.berkeley.edu/cas/proxyValidate?ticket=ST-420-P7c2eT6ph2Bm0c0QogBr-cas-t2&service=http%3A%2F%2Flocalhost%3A3000%2Fpeer_advisors
D, [2011-01-02T16:14:22.431072 #4856] DEBUG -- : CAS server responded with #<Net::HTTPOK 200 OK readbody=true>:
<cas:serviceResponse xmlns:cas='http://www.yale.edu/tp/cas'>
	<cas:authenticationSuccess>
		<cas:user>618358</cas:user>


	</cas:authenticationSuccess>
</cas:serviceResponse>

I, [2011-01-02T16:14:22.458074 #4856]  INFO -- : Ticket "ST-420-P7c2eT6ph2Bm0c0QogBr-cas-t2" for service "http://localhost:3000/peer_advisors" belonging to user "618358" is VALID.
D, [2011-01-02T16:14:22.461074 #4856] DEBUG -- : Extra user attributes provided along with ticket "ST-420-P7c2eT6ph2Bm0c0QogBr-cas-t2": {}.
D, [2011-01-02T16:14:29.407471 #4856] DEBUG -- : Request contains ticket "ST-420-P7c2eT6ph2Bm0c0QogBr-cas-t2".
D, [2011-01-02T16:14:29.409471 #4856] DEBUG -- : Guessed service url: "http://localhost:3000/peer_advisors"
W, [2011-01-02T16:14:29.410471 #4856]  WARN -- : Re-using previously validated ticket since the ticket id and service are the same.
D, [2011-01-02T16:14:48.335554 #4856] DEBUG -- : Guessed service url: "http://localhost:3000/"
D, [2011-01-02T16:14:48.337554 #4856] DEBUG -- : Generated login url: https://auth-test.berkeley.edu/cas/login?service=http%3A%2F%2Flocalhost%3A3000%2F
D, [2011-01-02T16:14:48.338554 #4856] DEBUG -- : Redirecting to "https://auth-test.berkeley.edu/cas/login?service=http%3A%2F%2Flocalhost%3A3000%2F"
D, [2011-01-02T16:15:10.095799 #4856] DEBUG -- : Guessed service url: "http://localhost:3000/staffs"
D, [2011-01-02T16:15:10.096799 #4856] DEBUG -- : Generated login url: https://auth-test.berkeley.edu/cas/login?service=http%3A%2F%2Flocalhost%3A3000%2Fstaffs
D, [2011-01-02T16:15:10.096799 #4856] DEBUG -- : Redirecting to "https://auth-test.berkeley.edu/cas/login?service=http%3A%2F%2Flocalhost%3A3000%2Fstaffs"
D, [2011-01-02T16:15:10.250807 #4856] DEBUG -- : Request contains ticket "ST-422-6XK0rZbolK1cpfDUYKZr-cas-t2".
D, [2011-01-02T16:15:10.251807 #4856] DEBUG -- : Guessed service url: "http://localhost:3000/staffs"
D, [2011-01-02T16:15:10.252807 #4856] DEBUG -- : Requesting CAS response for URI https://auth-test.berkeley.edu/cas/proxyValidate?ticket=ST-422-6XK0rZbolK1cpfDUYKZr-cas-t2&service=http%3A%2F%2Flocalhost%3A3000%2Fstaffs
D, [2011-01-02T16:15:10.780838 #4856] DEBUG -- : CAS server responded with #<Net::HTTPOK 200 OK readbody=true>:
<cas:serviceResponse xmlns:cas='http://www.yale.edu/tp/cas'>
	<cas:authenticationSuccess>
		<cas:user>618358</cas:user>


	</cas:authenticationSuccess>
</cas:serviceResponse>

I, [2011-01-02T16:15:10.790838 #4856]  INFO -- : Ticket "ST-422-6XK0rZbolK1cpfDUYKZr-cas-t2" for service "http://localhost:3000/staffs" belonging to user "618358" is VALID.
D, [2011-01-02T16:15:10.790838 #4856] DEBUG -- : Extra user attributes provided along with ticket "ST-422-6XK0rZbolK1cpfDUYKZr-cas-t2": {}.
D, [2011-01-02T16:15:22.929533 #4856] DEBUG -- : Request contains ticket "ST-422-6XK0rZbolK1cpfDUYKZr-cas-t2".
D, [2011-01-02T16:15:22.931533 #4856] DEBUG -- : Guessed service url: "http://localhost:3000/staffs"
W, [2011-01-02T16:15:22.932533 #4856]  WARN -- : Re-using previously validated ticket since the ticket id and service are the same.
D, [2011-01-02T16:15:24.913646 #4856] DEBUG -- : Request contains ticket "ST-422-6XK0rZbolK1cpfDUYKZr-cas-t2".
D, [2011-01-02T16:15:24.915646 #4856] DEBUG -- : Guessed service url: "http://localhost:3000/staffs"
W, [2011-01-02T16:15:24.915646 #4856]  WARN -- : Re-using previously validated ticket since the ticket id and service are the same.
D, [2011-01-02T16:15:33.226121 #4856] DEBUG -- : Guessed service url: "http://localhost:3000/cas_example"
D, [2011-01-02T16:15:33.227122 #4856] DEBUG -- : Generated login url: https://auth-test.berkeley.edu/cas/login?service=http%3A%2F%2Flocalhost%3A3000%2Fcas_example
D, [2011-01-02T16:15:33.227122 #4856] DEBUG -- : Redirecting to "https://auth-test.berkeley.edu/cas/login?service=http%3A%2F%2Flocalhost%3A3000%2Fcas_example"
D, [2011-01-02T16:15:33.366129 #4856] DEBUG -- : Request contains ticket "ST-423-FL3F9ZdISQA9xTsJNk3b-cas-t2".
D, [2011-01-02T16:15:33.367130 #4856] DEBUG -- : Guessed service url: "http://localhost:3000/cas_example"
D, [2011-01-02T16:15:33.368130 #4856] DEBUG -- : Requesting CAS response for URI https://auth-test.berkeley.edu/cas/proxyValidate?ticket=ST-423-FL3F9ZdISQA9xTsJNk3b-cas-t2&service=http%3A%2F%2Flocalhost%3A3000%2Fcas_example
D, [2011-01-02T16:15:36.926333 #4856] DEBUG -- : CAS server responded with #<Net::HTTPOK 200 OK readbody=true>:
<cas:serviceResponse xmlns:cas='http://www.yale.edu/tp/cas'>
	<cas:authenticationSuccess>
		<cas:user>618358</cas:user>


	</cas:authenticationSuccess>
</cas:serviceResponse>

I, [2011-01-02T16:15:36.932333 #4856]  INFO -- : Ticket "ST-423-FL3F9ZdISQA9xTsJNk3b-cas-t2" for service "http://localhost:3000/cas_example" belonging to user "618358" is VALID.
D, [2011-01-02T16:15:36.933334 #4856] DEBUG -- : Extra user attributes provided along with ticket "ST-423-FL3F9ZdISQA9xTsJNk3b-cas-t2": {}.
D, [2011-01-02T16:15:55.530397 #4856] DEBUG -- : Guessed service url: "http://localhost:3000/cas_example"
D, [2011-01-02T16:15:55.531397 #4856] DEBUG -- : Generated login url: https://auth-test.berkeley.edu/cas/login?service=http%3A%2F%2Flocalhost%3A3000%2Fcas_example
D, [2011-01-02T16:15:55.532397 #4856] DEBUG -- : Redirecting to "https://auth-test.berkeley.edu/cas/login?service=http%3A%2F%2Flocalhost%3A3000%2Fcas_example"
D, [2011-01-02T16:15:55.703407 #4856] DEBUG -- : Request contains ticket "ST-424-Uz52B7GFnwOixqTGXkmk-cas-t2".
D, [2011-01-02T16:15:55.705407 #4856] DEBUG -- : Guessed service url: "http://localhost:3000/cas_example"
D, [2011-01-02T16:15:55.706407 #4856] DEBUG -- : Requesting CAS response for URI https://auth-test.berkeley.edu/cas/proxyValidate?ticket=ST-424-Uz52B7GFnwOixqTGXkmk-cas-t2&service=http%3A%2F%2Flocalhost%3A3000%2Fcas_example
D, [2011-01-02T16:15:56.124431 #4856] DEBUG -- : CAS server responded with #<Net::HTTPOK 200 OK readbody=true>:
<cas:serviceResponse xmlns:cas='http://www.yale.edu/tp/cas'>
	<cas:authenticationSuccess>
		<cas:user>618358</cas:user>


	</cas:authenticationSuccess>
</cas:serviceResponse>

I, [2011-01-02T16:15:56.147433 #4856]  INFO -- : Ticket "ST-424-Uz52B7GFnwOixqTGXkmk-cas-t2" for service "http://localhost:3000/cas_example" belonging to user "618358" is VALID.
D, [2011-01-02T16:15:56.150433 #4856] DEBUG -- : Extra user attributes provided along with ticket "ST-424-Uz52B7GFnwOixqTGXkmk-cas-t2": {}.
D, [2011-01-02T16:15:59.202607 #4856] DEBUG -- : Request contains ticket "ST-424-Uz52B7GFnwOixqTGXkmk-cas-t2".
D, [2011-01-02T16:15:59.204607 #4856] DEBUG -- : Guessed service url: "http://localhost:3000/cas_example"
W, [2011-01-02T16:15:59.205607 #4856]  WARN -- : Re-using previously validated ticket since the ticket id and service are the same.
D, [2011-01-02T16:18:26.071008 #4856] DEBUG -- : Guessed service url: "http://localhost:3000/cas_example"
D, [2011-01-02T16:18:26.072008 #4856] DEBUG -- : Generated login url: https://auth-test.berkeley.edu/cas/login?service=http%3A%2F%2Flocalhost%3A3000%2Fcas_example
D, [2011-01-02T16:18:26.072008 #4856] DEBUG -- : Redirecting to "https://auth-test.berkeley.edu/cas/login?service=http%3A%2F%2Flocalhost%3A3000%2Fcas_example"
D, [2011-01-02T16:18:26.626039 #4856] DEBUG -- : Request contains ticket "ST-425-0I7B1TZAHs6oTpVfsTYt-cas-t2".
D, [2011-01-02T16:18:26.628040 #4856] DEBUG -- : Guessed service url: "http://localhost:3000/cas_example"
D, [2011-01-02T16:18:26.630040 #4856] DEBUG -- : Requesting CAS response for URI https://auth-test.berkeley.edu/cas/proxyValidate?ticket=ST-425-0I7B1TZAHs6oTpVfsTYt-cas-t2&service=http%3A%2F%2Flocalhost%3A3000%2Fcas_example
D, [2011-01-02T16:18:26.976059 #4856] DEBUG -- : CAS server responded with #<Net::HTTPOK 200 OK readbody=true>:
<cas:serviceResponse xmlns:cas='http://www.yale.edu/tp/cas'>
	<cas:authenticationSuccess>
		<cas:user>618358</cas:user>


	</cas:authenticationSuccess>
</cas:serviceResponse>

I, [2011-01-02T16:18:26.996061 #4856]  INFO -- : Ticket "ST-425-0I7B1TZAHs6oTpVfsTYt-cas-t2" for service "http://localhost:3000/cas_example" belonging to user "618358" is VALID.
D, [2011-01-02T16:18:26.999061 #4856] DEBUG -- : Extra user attributes provided along with ticket "ST-425-0I7B1TZAHs6oTpVfsTYt-cas-t2": {}.
D, [2011-01-02T16:18:33.399427 #4856] DEBUG -- : Guessed service url: "http://localhost:3000/cas_example/logout"
D, [2011-01-02T16:18:33.401427 #4856] DEBUG -- : Generated login url: https://auth-test.berkeley.edu/cas/login?service=http%3A%2F%2Flocalhost%3A3000%2Fcas_example%2Flogout
D, [2011-01-02T16:18:33.402427 #4856] DEBUG -- : Redirecting to "https://auth-test.berkeley.edu/cas/login?service=http%3A%2F%2Flocalhost%3A3000%2Fcas_example%2Flogout"
D, [2011-01-02T16:18:33.582437 #4856] DEBUG -- : Request contains ticket "ST-426-MAe4LmDfnKRgVEdCrEue-cas-t2".
D, [2011-01-02T16:18:33.584437 #4856] DEBUG -- : Guessed service url: "http://localhost:3000/cas_example/logout"
D, [2011-01-02T16:18:33.586438 #4856] DEBUG -- : Requesting CAS response for URI https://auth-test.berkeley.edu/cas/proxyValidate?ticket=ST-426-MAe4LmDfnKRgVEdCrEue-cas-t2&service=http%3A%2F%2Flocalhost%3A3000%2Fcas_example%2Flogout
D, [2011-01-02T16:18:35.949573 #4856] DEBUG -- : CAS server responded with #<Net::HTTPOK 200 OK readbody=true>:
<cas:serviceResponse xmlns:cas='http://www.yale.edu/tp/cas'>
	<cas:authenticationSuccess>
		<cas:user>618358</cas:user>


	</cas:authenticationSuccess>
</cas:serviceResponse>

I, [2011-01-02T16:18:35.959573 #4856]  INFO -- : Ticket "ST-426-MAe4LmDfnKRgVEdCrEue-cas-t2" for service "http://localhost:3000/cas_example/logout" belonging to user "618358" is VALID.
D, [2011-01-02T16:18:35.961573 #4856] DEBUG -- : Extra user attributes provided along with ticket "ST-426-MAe4LmDfnKRgVEdCrEue-cas-t2": {}.
D, [2011-01-02T16:18:52.776535 #4856] DEBUG -- : Guessed service url: "http://localhost:3000/cas_example"
D, [2011-01-02T16:18:52.778535 #4856] DEBUG -- : Generated login url: https://auth-test.berkeley.edu/cas/login?service=http%3A%2F%2Flocalhost%3A3000%2Fcas_example
D, [2011-01-02T16:18:52.781535 #4856] DEBUG -- : Redirecting to "https://auth-test.berkeley.edu/cas/login?service=http%3A%2F%2Flocalhost%3A3000%2Fcas_example"
D, [2011-01-02T16:19:31.180732 #4856] DEBUG -- : Guessed service url: "http://localhost:3000/cas_example"
D, [2011-01-02T16:19:31.182732 #4856] DEBUG -- : Generated login url: https://auth-test.berkeley.edu/cas/login?service=http%3A%2F%2Flocalhost%3A3000%2Fcas_example
D, [2011-01-02T16:19:31.183732 #4856] DEBUG -- : Redirecting to "https://auth-test.berkeley.edu/cas/login?service=http%3A%2F%2Flocalhost%3A3000%2Fcas_example"
D, [2011-01-02T16:19:31.298738 #4856] DEBUG -- : Request contains ticket "ST-427-4xdsqjsLSitPthMAf5fv-cas-t2".
D, [2011-01-02T16:19:31.300739 #4856] DEBUG -- : Guessed service url: "http://localhost:3000/cas_example"
D, [2011-01-02T16:19:31.302739 #4856] DEBUG -- : Requesting CAS response for URI https://auth-test.berkeley.edu/cas/proxyValidate?ticket=ST-427-4xdsqjsLSitPthMAf5fv-cas-t2&service=http%3A%2F%2Flocalhost%3A3000%2Fcas_example
D, [2011-01-02T16:19:31.476749 #4856] DEBUG -- : CAS server responded with #<Net::HTTPOK 200 OK readbody=true>:
<cas:serviceResponse xmlns:cas='http://www.yale.edu/tp/cas'>
	<cas:authenticationSuccess>
		<cas:user>618358</cas:user>


	</cas:authenticationSuccess>
</cas:serviceResponse>

I, [2011-01-02T16:19:31.496750 #4856]  INFO -- : Ticket "ST-427-4xdsqjsLSitPthMAf5fv-cas-t2" for service "http://localhost:3000/cas_example" belonging to user "618358" is VALID.
D, [2011-01-02T16:19:31.498750 #4856] DEBUG -- : Extra user attributes provided along with ticket "ST-427-4xdsqjsLSitPthMAf5fv-cas-t2": {}.
D, [2011-01-02T16:19:39.529209 #4856] DEBUG -- : Guessed service url: "http://localhost:3000/cas_example/logout"
D, [2011-01-02T16:19:39.531209 #4856] DEBUG -- : Generated login url: https://auth-test.berkeley.edu/cas/login?service=http%3A%2F%2Flocalhost%3A3000%2Fcas_example%2Flogout
D, [2011-01-02T16:19:39.533209 #4856] DEBUG -- : Redirecting to "https://auth-test.berkeley.edu/cas/login?service=http%3A%2F%2Flocalhost%3A3000%2Fcas_example%2Flogout"
D, [2011-01-02T16:19:39.714220 #4856] DEBUG -- : Request contains ticket "ST-428-Pw4id4MmHOW90ioVBgHr-cas-t2".
D, [2011-01-02T16:19:39.718220 #4856] DEBUG -- : Guessed service url: "http://localhost:3000/cas_example/logout"
D, [2011-01-02T16:19:39.721220 #4856] DEBUG -- : Requesting CAS response for URI https://auth-test.berkeley.edu/cas/proxyValidate?ticket=ST-428-Pw4id4MmHOW90ioVBgHr-cas-t2&service=http%3A%2F%2Flocalhost%3A3000%2Fcas_example%2Flogout
D, [2011-01-02T16:19:40.073240 #4856] DEBUG -- : CAS server responded with #<Net::HTTPOK 200 OK readbody=true>:
<cas:serviceResponse xmlns:cas='http://www.yale.edu/tp/cas'>
	<cas:authenticationSuccess>
		<cas:user>618358</cas:user>


	</cas:authenticationSuccess>
</cas:serviceResponse>

I, [2011-01-02T16:19:40.109242 #4856]  INFO -- : Ticket "ST-428-Pw4id4MmHOW90ioVBgHr-cas-t2" for service "http://localhost:3000/cas_example/logout" belonging to user "618358" is VALID.
D, [2011-01-02T16:19:40.111243 #4856] DEBUG -- : Extra user attributes provided along with ticket "ST-428-Pw4id4MmHOW90ioVBgHr-cas-t2": {}.
D, [2011-01-02T16:19:42.580384 #4856] DEBUG -- : Guessed service url: "http://localhost:3000/cas_example"
D, [2011-01-02T16:19:42.583384 #4856] DEBUG -- : Generated login url: https://auth-test.berkeley.edu/cas/login?service=http%3A%2F%2Flocalhost%3A3000%2Fcas_example
D, [2011-01-02T16:19:42.587384 #4856] DEBUG -- : Redirecting to "https://auth-test.berkeley.edu/cas/login?service=http%3A%2F%2Flocalhost%3A3000%2Fcas_example"
D, [2011-01-02T16:19:47.027638 #4856] DEBUG -- : Request contains ticket "ST-429-ddOGfV4fGNo19czgcnxl-cas-t2".
D, [2011-01-02T16:19:47.031638 #4856] DEBUG -- : Guessed service url: "http://localhost:3000/cas_example"
D, [2011-01-02T16:19:47.034639 #4856] DEBUG -- : Requesting CAS response for URI https://auth-test.berkeley.edu/cas/proxyValidate?ticket=ST-429-ddOGfV4fGNo19czgcnxl-cas-t2&service=http%3A%2F%2Flocalhost%3A3000%2Fcas_example
D, [2011-01-02T16:19:47.382658 #4856] DEBUG -- : CAS server responded with #<Net::HTTPOK 200 OK readbody=true>:
<cas:serviceResponse xmlns:cas='http://www.yale.edu/tp/cas'>
	<cas:authenticationSuccess>
		<cas:user>618358</cas:user>


	</cas:authenticationSuccess>
</cas:serviceResponse>

I, [2011-01-02T16:19:47.410660 #4856]  INFO -- : Ticket "ST-429-ddOGfV4fGNo19czgcnxl-cas-t2" for service "http://localhost:3000/cas_example" belonging to user "618358" is VALID.
D, [2011-01-02T16:19:47.414660 #4856] DEBUG -- : Extra user attributes provided along with ticket "ST-429-ddOGfV4fGNo19czgcnxl-cas-t2": {}.
D, [2011-01-02T16:20:26.298884 #4856] DEBUG -- : Guessed service url: "http://localhost:3000/"
D, [2011-01-02T16:20:26.299884 #4856] DEBUG -- : Generated login url: https://auth-test.berkeley.edu/cas/login?service=http%3A%2F%2Flocalhost%3A3000%2F
D, [2011-01-02T16:20:26.300884 #4856] DEBUG -- : Redirecting to "https://auth-test.berkeley.edu/cas/login?service=http%3A%2F%2Flocalhost%3A3000%2F"
D, [2011-01-02T16:20:31.556185 #4856] DEBUG -- : Guessed service url: "http://localhost:3000/faculties/logout"
D, [2011-01-02T16:20:31.557185 #4856] DEBUG -- : Generated login url: https://auth-test.berkeley.edu/cas/login?service=http%3A%2F%2Flocalhost%3A3000%2Ffaculties%2Flogout
D, [2011-01-02T16:20:31.558185 #4856] DEBUG -- : Redirecting to "https://auth-test.berkeley.edu/cas/login?service=http%3A%2F%2Flocalhost%3A3000%2Ffaculties%2Flogout"
D, [2011-01-02T16:20:31.738195 #4856] DEBUG -- : Request contains ticket "ST-431-xfQIYJ7vmbcsTxJdL0Hn-cas-t2".
D, [2011-01-02T16:20:31.740196 #4856] DEBUG -- : Guessed service url: "http://localhost:3000/faculties/logout"
D, [2011-01-02T16:20:31.741196 #4856] DEBUG -- : Requesting CAS response for URI https://auth-test.berkeley.edu/cas/proxyValidate?ticket=ST-431-xfQIYJ7vmbcsTxJdL0Hn-cas-t2&service=http%3A%2F%2Flocalhost%3A3000%2Ffaculties%2Flogout
D, [2011-01-02T16:20:32.136218 #4856] DEBUG -- : CAS server responded with #<Net::HTTPOK 200 OK readbody=true>:
<cas:serviceResponse xmlns:cas='http://www.yale.edu/tp/cas'>
	<cas:authenticationSuccess>
		<cas:user>618358</cas:user>


	</cas:authenticationSuccess>
</cas:serviceResponse>

I, [2011-01-02T16:20:32.151219 #4856]  INFO -- : Ticket "ST-431-xfQIYJ7vmbcsTxJdL0Hn-cas-t2" for service "http://localhost:3000/faculties/logout" belonging to user "618358" is VALID.
D, [2011-01-02T16:20:32.152219 #4856] DEBUG -- : Extra user attributes provided along with ticket "ST-431-xfQIYJ7vmbcsTxJdL0Hn-cas-t2": {}.
D, [2011-01-02T16:20:56.779628 #4856] DEBUG -- : Guessed service url: "http://localhost:3000/"
D, [2011-01-02T16:20:56.779628 #4856] DEBUG -- : Generated login url: https://auth-test.berkeley.edu/cas/login?service=http%3A%2F%2Flocalhost%3A3000%2F
D, [2011-01-02T16:20:56.780628 #4856] DEBUG -- : Redirecting to "https://auth-test.berkeley.edu/cas/login?service=http%3A%2F%2Flocalhost%3A3000%2F"
D, [2011-01-02T18:16:16.042387 #4368] DEBUG -- : Guessed service url: "http://localhost:3000/cas_example"
D, [2011-01-02T18:16:16.044387 #4368] DEBUG -- : Generated login url: https://auth-test.berkeley.edu/cas/login?service=http%3A%2F%2Flocalhost%3A3000%2Fcas_example
D, [2011-01-02T18:16:16.045387 #4368] DEBUG -- : Redirecting to "https://auth-test.berkeley.edu/cas/login?service=http%3A%2F%2Flocalhost%3A3000%2Fcas_example"
D, [2011-01-02T18:16:16.823432 #4368] DEBUG -- : Request contains ticket "ST-439-WmuH9XKeGLybU3S3EqeE-cas-t2".
D, [2011-01-02T18:16:16.825432 #4368] DEBUG -- : Guessed service url: "http://localhost:3000/cas_example"
D, [2011-01-02T18:16:16.827432 #4368] DEBUG -- : Requesting CAS response for URI https://auth-test.berkeley.edu/cas/proxyValidate?ticket=ST-439-WmuH9XKeGLybU3S3EqeE-cas-t2&service=http%3A%2F%2Flocalhost%3A3000%2Fcas_example
D, [2011-01-02T18:16:26.914009 #4368] DEBUG -- : CAS server responded with #<Net::HTTPOK 200 OK readbody=true>:
<cas:serviceResponse xmlns:cas='http://www.yale.edu/tp/cas'>
	<cas:authenticationSuccess>
		<cas:user>618358</cas:user>


	</cas:authenticationSuccess>
</cas:serviceResponse>

I, [2011-01-02T18:16:26.937010 #4368]  INFO -- : Ticket "ST-439-WmuH9XKeGLybU3S3EqeE-cas-t2" for service "http://localhost:3000/cas_example" belonging to user "618358" is VALID.
D, [2011-01-02T18:16:26.938010 #4368] DEBUG -- : Extra user attributes provided along with ticket "ST-439-WmuH9XKeGLybU3S3EqeE-cas-t2": {}.
D, [2011-01-02T18:16:30.314203 #4368] DEBUG -- : Guessed service url: "http://localhost:3000/cas_example/logout"
D, [2011-01-02T18:16:30.316203 #4368] DEBUG -- : Generated login url: https://auth-test.berkeley.edu/cas/login?service=http%3A%2F%2Flocalhost%3A3000%2Fcas_example%2Flogout
D, [2011-01-02T18:16:30.317203 #4368] DEBUG -- : Redirecting to "https://auth-test.berkeley.edu/cas/login?service=http%3A%2F%2Flocalhost%3A3000%2Fcas_example%2Flogout"
D, [2011-01-02T18:16:30.448211 #4368] DEBUG -- : Request contains ticket "ST-440-Rl9gCul93La9oWRUCLAU-cas-t2".
D, [2011-01-02T18:16:30.450211 #4368] DEBUG -- : Guessed service url: "http://localhost:3000/cas_example/logout"
D, [2011-01-02T18:16:30.452211 #4368] DEBUG -- : Requesting CAS response for URI https://auth-test.berkeley.edu/cas/proxyValidate?ticket=ST-440-Rl9gCul93La9oWRUCLAU-cas-t2&service=http%3A%2F%2Flocalhost%3A3000%2Fcas_example%2Flogout
D, [2011-01-02T18:16:30.907237 #4368] DEBUG -- : CAS server responded with #<Net::HTTPOK 200 OK readbody=true>:
<cas:serviceResponse xmlns:cas='http://www.yale.edu/tp/cas'>
	<cas:authenticationSuccess>
		<cas:user>618358</cas:user>


	</cas:authenticationSuccess>
</cas:serviceResponse>

I, [2011-01-02T18:16:30.923238 #4368]  INFO -- : Ticket "ST-440-Rl9gCul93La9oWRUCLAU-cas-t2" for service "http://localhost:3000/cas_example/logout" belonging to user "618358" is VALID.
D, [2011-01-02T18:16:30.925238 #4368] DEBUG -- : Extra user attributes provided along with ticket "ST-440-Rl9gCul93La9oWRUCLAU-cas-t2": {}.
D, [2011-01-02T18:16:35.333490 #4368] DEBUG -- : Guessed service url: "http://localhost:3000/cas_example"
D, [2011-01-02T18:16:35.335490 #4368] DEBUG -- : Generated login url: https://auth-test.berkeley.edu/cas/login?service=http%3A%2F%2Flocalhost%3A3000%2Fcas_example
D, [2011-01-02T18:16:35.336490 #4368] DEBUG -- : Redirecting to "https://auth-test.berkeley.edu/cas/login?service=http%3A%2F%2Flocalhost%3A3000%2Fcas_example"
D, [2011-01-02T18:16:43.893980 #4368] DEBUG -- : Guessed service url: "http://localhost:3000/cas_example"
D, [2011-01-02T18:16:43.894980 #4368] DEBUG -- : Generated login url: https://auth-test.berkeley.edu/cas/login?service=http%3A%2F%2Flocalhost%3A3000%2Fcas_example
D, [2011-01-02T18:16:43.896980 #4368] DEBUG -- : Redirecting to "https://auth-test.berkeley.edu/cas/login?service=http%3A%2F%2Flocalhost%3A3000%2Fcas_example"
D, [2011-01-02T18:16:50.476356 #4368] DEBUG -- : Request contains ticket "ST-441-txgZCCzwWt6Oh4eYd1DT-cas-t2".
D, [2011-01-02T18:16:50.478357 #4368] DEBUG -- : Guessed service url: "http://localhost:3000/cas_example"
D, [2011-01-02T18:16:50.479357 #4368] DEBUG -- : Requesting CAS response for URI https://auth-test.berkeley.edu/cas/proxyValidate?ticket=ST-441-txgZCCzwWt6Oh4eYd1DT-cas-t2&service=http%3A%2F%2Flocalhost%3A3000%2Fcas_example
D, [2011-01-02T18:16:50.952384 #4368] DEBUG -- : CAS server responded with #<Net::HTTPOK 200 OK readbody=true>:
<cas:serviceResponse xmlns:cas='http://www.yale.edu/tp/cas'>
	<cas:authenticationSuccess>
		<cas:user>618358</cas:user>


	</cas:authenticationSuccess>
</cas:serviceResponse>

I, [2011-01-02T18:16:50.961384 #4368]  INFO -- : Ticket "ST-441-txgZCCzwWt6Oh4eYd1DT-cas-t2" for service "http://localhost:3000/cas_example" belonging to user "618358" is VALID.
D, [2011-01-02T18:16:50.963384 #4368] DEBUG -- : Extra user attributes provided along with ticket "ST-441-txgZCCzwWt6Oh4eYd1DT-cas-t2": {}.
>>>>>>> b60f13cfb939bde1f607f2676eeabce5ffa8b3bb
D, [2011-01-02T19:08:07.946378 #8568] DEBUG -- : Guessed service url: "http://localhost:3000/"
D, [2011-01-02T19:08:07.947378 #8568] DEBUG -- : Generated login url: https://auth-test.berkeley.edu/cas/login?service=http%3A%2F%2Flocalhost%3A3000%2F
D, [2011-01-02T19:08:07.947378 #8568] DEBUG -- : Redirecting to "https://auth-test.berkeley.edu/cas/login?service=http%3A%2F%2Flocalhost%3A3000%2F"
D, [2011-01-02T19:08:12.630646 #8568] DEBUG -- : Guessed service url: "http://localhost:3000/"
D, [2011-01-02T19:08:12.632646 #8568] DEBUG -- : Generated login url: https://auth-test.berkeley.edu/cas/login?service=http%3A%2F%2Flocalhost%3A3000%2F
D, [2011-01-02T19:08:12.634646 #8568] DEBUG -- : Redirecting to "https://auth-test.berkeley.edu/cas/login?service=http%3A%2F%2Flocalhost%3A3000%2F"
D, [2011-01-02T19:08:20.316085 #8568] DEBUG -- : Guessed service url: "http://localhost:3000/"
D, [2011-01-02T19:08:20.317085 #8568] DEBUG -- : Generated login url: https://auth-test.berkeley.edu/cas/login?service=http%3A%2F%2Flocalhost%3A3000%2F
D, [2011-01-02T19:08:20.319085 #8568] DEBUG -- : Redirecting to "https://auth-test.berkeley.edu/cas/login?service=http%3A%2F%2Flocalhost%3A3000%2F"
D, [2011-01-02T19:08:59.957352 #8568] DEBUG -- : Guessed service url: "http://localhost:3000/test"
D, [2011-01-02T19:08:59.959353 #8568] DEBUG -- : Generated login url: https://auth-test.berkeley.edu/cas/login?service=http%3A%2F%2Flocalhost%3A3000%2Ftest
D, [2011-01-02T19:08:59.960353 #8568] DEBUG -- : Redirecting to "https://auth-test.berkeley.edu/cas/login?service=http%3A%2F%2Flocalhost%3A3000%2Ftest"
D, [2011-01-02T19:09:00.153364 #8568] DEBUG -- : Request contains ticket "ST-451-M4ynTJhbNgeMeos5dO14-cas-t2".
D, [2011-01-02T19:09:00.156364 #8568] DEBUG -- : Guessed service url: "http://localhost:3000/test"
D, [2011-01-02T19:09:00.157364 #8568] DEBUG -- : Requesting CAS response for URI https://auth-test.berkeley.edu/cas/proxyValidate?ticket=ST-451-M4ynTJhbNgeMeos5dO14-cas-t2&service=http%3A%2F%2Flocalhost%3A3000%2Ftest
D, [2011-01-02T19:09:10.372948 #8568] DEBUG -- : CAS server responded with #<Net::HTTPOK 200 OK readbody=true>:
<cas:serviceResponse xmlns:cas='http://www.yale.edu/tp/cas'>
	<cas:authenticationSuccess>
		<cas:user>618358</cas:user>


	</cas:authenticationSuccess>
</cas:serviceResponse>

I, [2011-01-02T19:09:10.399950 #8568]  INFO -- : Ticket "ST-451-M4ynTJhbNgeMeos5dO14-cas-t2" for service "http://localhost:3000/test" belonging to user "618358" is VALID.
D, [2011-01-02T19:09:10.404950 #8568] DEBUG -- : Extra user attributes provided along with ticket "ST-451-M4ynTJhbNgeMeos5dO14-cas-t2": {}.
D, [2011-01-02T19:09:30.534101 #8568] DEBUG -- : Guessed service url: "http://localhost:3000/application/logout"
D, [2011-01-02T19:09:30.536101 #8568] DEBUG -- : Generated login url: https://auth-test.berkeley.edu/cas/login?service=http%3A%2F%2Flocalhost%3A3000%2Fapplication%2Flogout
D, [2011-01-02T19:09:30.537102 #8568] DEBUG -- : Redirecting to "https://auth-test.berkeley.edu/cas/login?service=http%3A%2F%2Flocalhost%3A3000%2Fapplication%2Flogout"
D, [2011-01-02T19:09:30.711111 #8568] DEBUG -- : Request contains ticket "ST-452-VyXndjyD4FGiHzpbD9F5-cas-t2".
D, [2011-01-02T19:09:30.713112 #8568] DEBUG -- : Guessed service url: "http://localhost:3000/application/logout"
D, [2011-01-02T19:09:30.716112 #8568] DEBUG -- : Requesting CAS response for URI https://auth-test.berkeley.edu/cas/proxyValidate?ticket=ST-452-VyXndjyD4FGiHzpbD9F5-cas-t2&service=http%3A%2F%2Flocalhost%3A3000%2Fapplication%2Flogout
D, [2011-01-02T19:09:32.716226 #8568] DEBUG -- : CAS server responded with #<Net::HTTPOK 200 OK readbody=true>:
<cas:serviceResponse xmlns:cas='http://www.yale.edu/tp/cas'>
	<cas:authenticationSuccess>
		<cas:user>618358</cas:user>


	</cas:authenticationSuccess>
</cas:serviceResponse>

I, [2011-01-02T19:09:32.733227 #8568]  INFO -- : Ticket "ST-452-VyXndjyD4FGiHzpbD9F5-cas-t2" for service "http://localhost:3000/application/logout" belonging to user "618358" is VALID.
D, [2011-01-02T19:09:32.736227 #8568] DEBUG -- : Extra user attributes provided along with ticket "ST-452-VyXndjyD4FGiHzpbD9F5-cas-t2": {}.
D, [2011-01-02T19:09:44.226885 #8568] DEBUG -- : Guessed service url: "http://localhost:3000/test"
D, [2011-01-02T19:09:44.227885 #8568] DEBUG -- : Generated login url: https://auth-test.berkeley.edu/cas/login?service=http%3A%2F%2Flocalhost%3A3000%2Ftest
D, [2011-01-02T19:09:44.228885 #8568] DEBUG -- : Redirecting to "https://auth-test.berkeley.edu/cas/login?service=http%3A%2F%2Flocalhost%3A3000%2Ftest"
D, [2011-01-02T19:09:48.930154 #8568] DEBUG -- : Guessed service url: "http://localhost:3000/test"
D, [2011-01-02T19:09:48.932154 #8568] DEBUG -- : Generated login url: https://auth-test.berkeley.edu/cas/login?service=http%3A%2F%2Flocalhost%3A3000%2Ftest
D, [2011-01-02T19:09:48.933154 #8568] DEBUG -- : Redirecting to "https://auth-test.berkeley.edu/cas/login?service=http%3A%2F%2Flocalhost%3A3000%2Ftest"
D, [2011-01-02T19:09:53.142394 #8568] DEBUG -- : Request contains ticket "ST-453-GlwlfTphbXxeq6N0WTd0-cas-t2".
D, [2011-01-02T19:09:53.143395 #8568] DEBUG -- : Guessed service url: "http://localhost:3000/test"
D, [2011-01-02T19:09:53.144395 #8568] DEBUG -- : Requesting CAS response for URI https://auth-test.berkeley.edu/cas/proxyValidate?ticket=ST-453-GlwlfTphbXxeq6N0WTd0-cas-t2&service=http%3A%2F%2Flocalhost%3A3000%2Ftest
D, [2011-01-02T19:09:53.616422 #8568] DEBUG -- : CAS server responded with #<Net::HTTPOK 200 OK readbody=true>:
<cas:serviceResponse xmlns:cas='http://www.yale.edu/tp/cas'>
	<cas:authenticationSuccess>
		<cas:user>618358</cas:user>


	</cas:authenticationSuccess>
</cas:serviceResponse>

I, [2011-01-02T19:09:53.626422 #8568]  INFO -- : Ticket "ST-453-GlwlfTphbXxeq6N0WTd0-cas-t2" for service "http://localhost:3000/test" belonging to user "618358" is VALID.
D, [2011-01-02T19:09:53.628422 #8568] DEBUG -- : Extra user attributes provided along with ticket "ST-453-GlwlfTphbXxeq6N0WTd0-cas-t2": {}.
