# Logfile created on Thu Dec 30 18:42:47 -0800 2010

Processing ApplicationController#index (for 127.0.0.1 at 2011-01-02 15:52:25) [GET]
  Parameters: {:controller=>"faculties", :_method=>nil, :action=>"index", :format=>nil}

LoadError (Expected /Users/jackywu07/Desktop/Research/VDMS/app/controllers/faculties_controller.rb to define FacultiesController):
  

Rendered rescues/_trace (63.9ms)
Rendered rescues/_request_and_response (0.9ms)
Rendering rescues/layout (internal_server_error)


Processing ApplicationController#index (for 127.0.0.1 at 2011-01-02 16:06:28) [GET]
  Parameters: {:controller=>"faculties", :_method=>nil, :action=>"index", :format=>nil}

LoadError (Expected /Users/jackywu07/Desktop/Research/VDMS/app/controllers/faculties_controller.rb to define FacultiesController):
  

Rendered rescues/_trace (64.5ms)
Rendered rescues/_request_and_response (0.9ms)
Rendering rescues/layout (internal_server_error)


Processing ApplicationController#index (for 127.0.0.1 at 2011-01-02 16:06:37) [GET]
  Parameters: {:controller=>"faculties", :_method=>nil, :action=>"index", :format=>nil}

LoadError (Expected /Users/jackywu07/Desktop/Research/VDMS/app/controllers/faculties_controller.rb to define FacultiesController):
  

Rendered rescues/_trace (16.3ms)
Rendered rescues/_request_and_response (0.2ms)
Rendering rescues/layout (internal_server_error)


Processing FacultiesController#index (for 127.0.0.1 at 2011-01-02 16:07:00) [GET]
  Parameters: {:controller=>"faculties", :_method=>nil, :action=>"index", :format=>nil}
Redirected to https://auth-test.berkeley.edu/cas/login?service=http%3A%2F%2Flocalhost%3A3000%2F
Filter chain halted as [CASClient::Frameworks::Rails::Filter] rendered_or_redirected.
Completed in 45ms (DB: 0) | 302 Found [http://localhost/]


Processing FacultiesController#index (for 127.0.0.1 at 2011-01-02 16:07:35) [GET]
  Parameters: {:controller=>"faculties", :_method=>nil, :action=>"index", :format=>nil}
Rendering template within layouts/application
Rendering faculties/index
Rendered layouts/_header (0.6ms)
Rendered layouts/_footer (0.4ms)
Completed in 429ms (View: 98, DB: 0) | 200 OK [http://localhost/?ticket=ST-17811-jI47mo5DskWqcNkekefp-cas-t1]


Processing FacultiesController#index (for 127.0.0.1 at 2011-01-02 17:31:39) [GET]
  Parameters: {:controller=>"faculties", :_method=>nil, :action=>"index", :format=>nil}
Rendering template within layouts/application
Rendering faculties/index
Rendered layouts/_header (0.2ms)
Rendered layouts/_footer (0.1ms)
Completed in 299ms (View: 2, DB: 0) | 200 OK [http://localhost/?ticket=ST-17896-Eum7UOqbUak0XINcySmd-cas-t1]


Processing FacultiesController#index (for 127.0.0.1 at 2011-01-02 17:31:42) [GET]
  Parameters: {:controller=>"faculties", :_method=>nil, :action=>"index", :format=>nil}
Redirected to https://auth-test.berkeley.edu/cas/login?service=http%3A%2F%2Flocalhost%3A3000%2F
Filter chain halted as [CASClient::Frameworks::Rails::Filter] rendered_or_redirected.
Completed in 1ms (DB: 0) | 302 Found [http://localhost/]


Processing FacultiesController#index (for 127.0.0.1 at 2011-01-02 17:31:42) [GET]
  Parameters: {:controller=>"faculties", :_method=>nil, :action=>"index", :format=>nil}
Rendering template within layouts/application
Rendering faculties/index
Rendered layouts/_header (0.2ms)
Rendered layouts/_footer (0.1ms)
Completed in 295ms (View: 2, DB: 0) | 200 OK [http://localhost/?ticket=ST-17897-nk01s9h67c6C6CkqR9L6-cas-t1]


Processing FacultiesController#index (for 127.0.0.1 at 2011-01-02 17:41:25) [GET]
  Parameters: {:controller=>"faculties", :_method=>nil, :action=>"index", :format=>nil}
Rendering template within layouts/application
Rendering faculties/index

ActionView::TemplateError (undefined local variable or method `current_user' for #<ActionView::Base:0x103472260>) on line #2 of app/views/faculties/index.html.erb:
1: <div id="login_bar">
2:   Welcome, <%= current_user %>
3:   
4: </div>
5: 

    app/views/faculties/index.html.erb:2

Rendered rescues/_trace (74.4ms)
Rendered rescues/_request_and_response (0.3ms)
Rendering rescues/layout (internal_server_error)


Processing FacultiesController#index (for 127.0.0.1 at 2011-01-02 17:44:18) [GET]
  Parameters: {:controller=>"faculties", :_method=>nil, :action=>"index", :format=>nil}
Rendering template within layouts/application
Rendering faculties/index

ActionView::TemplateError (undefined local variable or method `current_user' for #<ActionView::Base:0x1035f3300>) on line #2 of app/views/faculties/index.html.erb:
1: <div id="login_bar">
2:   Welcome, <%= current_user %>
3:   
4: </div>
5: 

    app/views/faculties/index.html.erb:2

Rendered rescues/_trace (24.3ms)
Rendered rescues/_request_and_response (0.3ms)
Rendering rescues/layout (internal_server_error)


Processing FacultiesController#index (for 127.0.0.1 at 2011-01-02 17:48:39) [GET]
  Parameters: {:controller=>"faculties", :_method=>nil, :action=>"index", :format=>nil}
Rendering template within layouts/application
Rendering faculties/index
Rendered layouts/_header (0.2ms)
Rendered layouts/_footer (0.0ms)
Completed in 3ms (View: 1, DB: 0) | 200 OK [http://localhost/?ticket=ST-17897-nk01s9h67c6C6CkqR9L6-cas-t1]


Processing FacultiesController#index (for 127.0.0.1 at 2011-01-02 17:50:26) [GET]
  Parameters: {:controller=>"faculties", :_method=>nil, :action=>"index", :format=>nil}
Rendering template within layouts/application
Rendering faculties/index
Rendered layouts/_header (0.2ms)
Rendered layouts/_footer (0.0ms)
Completed in 7ms (View: 4, DB: 0) | 200 OK [http://localhost/?ticket=ST-17897-nk01s9h67c6C6CkqR9L6-cas-t1]


Processing ApplicationController#logout (for 127.0.0.1 at 2011-01-02 17:50:28) [GET]
  Parameters: {:controller=>"application", :_method=>nil, :action=>"logout", :format=>nil}
Redirected to https://auth-test.berkeley.edu/cas/login?service=http%3A%2F%2Flocalhost%3A3000%2Fapplication%2Flogout
Filter chain halted as [CASClient::Frameworks::Rails::Filter] rendered_or_redirected.
Completed in 1ms (DB: 0) | 302 Found [http://localhost/application/logout]


Processing ApplicationController#logout (for 127.0.0.1 at 2011-01-02 17:50:28) [GET]
  Parameters: {:controller=>"application", :_method=>nil, :action=>"logout", :format=>nil}
Redirected to https://auth-test.berkeley.edu/cas/logout?destination=http%3A%2F%2Flocalhost%3A3000%2F

ActionController::DoubleRenderError (Render and/or redirect were called multiple times in this action. Please note that you may only call render OR redirect, and at most once per action. Also note that neither redirect nor render terminate execution of the action, so if you want to exit an action after redirecting, you need to do something like "redirect_to(...) and return".):
  app/controllers/application_controller.rb:38:in `logout'

Rendered rescues/_trace (20.4ms)
Rendered rescues/_request_and_response (0.3ms)
Rendering rescues/layout (internal_server_error)


Processing FacultiesController#index (for 127.0.0.1 at 2011-01-02 17:50:39) [GET]
  Parameters: {:controller=>"faculties", :_method=>nil, :action=>"index", :format=>nil}
Redirected to https://auth-test.berkeley.edu/cas/login?service=http%3A%2F%2Flocalhost%3A3000%2F
Filter chain halted as [CASClient::Frameworks::Rails::Filter] rendered_or_redirected.
Completed in 1ms (DB: 0) | 302 Found [http://localhost/]


Processing FacultiesController#index (for 127.0.0.1 at 2011-01-02 17:50:39) [GET]
  Parameters: {:controller=>"faculties", :_method=>nil, :action=>"index", :format=>nil}
Rendering template within layouts/application
Rendering faculties/index
Rendered layouts/_header (0.2ms)
Rendered layouts/_footer (0.1ms)
Completed in 261ms (View: 2, DB: 0) | 200 OK [http://localhost/?ticket=ST-435-gPJKGWCFg4UqZIbk1NfQ-cas-t2]


Processing ApplicationController#logout (for 127.0.0.1 at 2011-01-02 17:50:42) [GET]
  Parameters: {:controller=>"application", :_method=>nil, :action=>"logout", :format=>nil}
Redirected to https://auth-test.berkeley.edu/cas/login?service=http%3A%2F%2Flocalhost%3A3000%2Fapplication%2Flogout
Filter chain halted as [CASClient::Frameworks::Rails::Filter] rendered_or_redirected.
Completed in 1ms (DB: 0) | 302 Found [http://localhost/application/logout]


Processing ApplicationController#logout (for 127.0.0.1 at 2011-01-02 17:50:42) [GET]
  Parameters: {:controller=>"application", :_method=>nil, :action=>"logout", :format=>nil}
Redirected to https://auth-test.berkeley.edu/cas/logout?destination=http%3A%2F%2Flocalhost%3A3000%2F

ActionController::DoubleRenderError (Render and/or redirect were called multiple times in this action. Please note that you may only call render OR redirect, and at most once per action. Also note that neither redirect nor render terminate execution of the action, so if you want to exit an action after redirecting, you need to do something like "redirect_to(...) and return".):
  app/controllers/application_controller.rb:38:in `logout'

Rendered rescues/_trace (72.0ms)
Rendered rescues/_request_and_response (0.3ms)
Rendering rescues/layout (internal_server_error)


Processing FacultiesController#index (for 127.0.0.1 at 2011-01-02 17:50:47) [GET]
  Parameters: {:controller=>"faculties", :_method=>nil, :action=>"index", :format=>nil}
Redirected to https://auth-test.berkeley.edu/cas/login?service=http%3A%2F%2Flocalhost%3A3000%2F
Filter chain halted as [CASClient::Frameworks::Rails::Filter] rendered_or_redirected.
Completed in 1ms (DB: 0) | 302 Found [http://localhost/]


Processing FacultiesController#index (for 127.0.0.1 at 2011-01-02 17:50:47) [GET]
  Parameters: {:controller=>"faculties", :_method=>nil, :action=>"index", :format=>nil}
Rendering template within layouts/application
Rendering faculties/index
Rendered layouts/_header (0.2ms)
Rendered layouts/_footer (0.1ms)
Completed in 320ms (View: 2, DB: 0) | 200 OK [http://localhost/?ticket=ST-437-rhqK6ZtVK1eSVNRfU2BW-cas-t2]


Processing FacultiesController#index (for 127.0.0.1 at 2011-01-02 17:51:18) [GET]
  Parameters: {:controller=>"faculties", :_method=>nil, :action=>"index", :format=>nil}
Rendering template within layouts/application
Rendering faculties/index
Rendered layouts/_header (0.2ms)
Rendered layouts/_footer (0.0ms)
Completed in 4ms (View: 2, DB: 0) | 200 OK [http://localhost/?ticket=ST-437-rhqK6ZtVK1eSVNRfU2BW-cas-t2]


Processing FacultiesController#index (for 127.0.0.1 at 2011-01-02 17:51:20) [GET]
  Parameters: {:controller=>"faculties", :_method=>nil, :action=>"index", :format=>nil}
Rendering template within layouts/application
Rendering faculties/index
Rendered layouts/_header (0.2ms)
Rendered layouts/_footer (0.0ms)
Completed in 4ms (View: 2, DB: 0) | 200 OK [http://localhost/?ticket=ST-437-rhqK6ZtVK1eSVNRfU2BW-cas-t2]


Processing FacultiesController#index (for 127.0.0.1 at 2011-01-02 17:51:20) [GET]
  Parameters: {:controller=>"faculties", :_method=>nil, :action=>"index", :format=>nil}
Rendering template within layouts/application
Rendering faculties/index
Rendered layouts/_header (0.2ms)
Rendered layouts/_footer (0.0ms)
Completed in 4ms (View: 1, DB: 0) | 200 OK [http://localhost/?ticket=ST-437-rhqK6ZtVK1eSVNRfU2BW-cas-t2]


Processing FacultiesController#index (for 127.0.0.1 at 2011-01-02 17:52:04) [GET]
  Parameters: {:controller=>"faculties", :_method=>nil, :action=>"index", :format=>nil}
Rendering template within layouts/application
Rendering faculties/index
Rendered layouts/_header (0.2ms)
Rendered layouts/_footer (0.0ms)
Completed in 4ms (View: 2, DB: 0) | 200 OK [http://localhost/?ticket=ST-437-rhqK6ZtVK1eSVNRfU2BW-cas-t2]


Processing ApplicationController#logout (for 127.0.0.1 at 2011-01-02 17:52:42) [GET]
  Parameters: {:controller=>"application", :_method=>nil, :action=>"logout", :format=>nil}
Redirected to https://auth-test.berkeley.edu/cas/login?service=http%3A%2F%2Flocalhost%3A3000%2Fapplication%2Flogout
Filter chain halted as [CASClient::Frameworks::Rails::Filter] rendered_or_redirected.
Completed in 1ms (DB: 0) | 302 Found [http://localhost/application/logout]


Processing ApplicationController#logout (for 127.0.0.1 at 2011-01-02 17:52:43) [GET]
  Parameters: {:controller=>"application", :_method=>nil, :action=>"logout", :format=>nil}
Redirected to https://auth-test.berkeley.edu/cas/logout?destination=http%3A%2F%2Flocalhost%3A3000%2F
Completed in 310ms (DB: 0) | 302 Found [http://localhost/application/logout?ticket=ST-438-pSMcYyct02McAfNp2Xth-cas-t2]


Processing FacultiesController#index (for 127.0.0.1 at 2011-01-02 17:52:56) [GET]
  Parameters: {:controller=>"faculties", :_method=>nil, :action=>"index", :format=>nil}
Redirected to https://auth-test.berkeley.edu/cas/login?service=http%3A%2F%2Flocalhost%3A3000%2F
Filter chain halted as [CASClient::Frameworks::Rails::Filter] rendered_or_redirected.
Completed in 1ms (DB: 0) | 302 Found [http://localhost/]


Processing FacultiesController#index (for 127.0.0.1 at 2011-01-02 18:24:38) [GET]
  Parameters: {:controller=>"faculties", :_method=>nil, :action=>"index", :format=>nil}
Redirected to https://auth-test.berkeley.edu/cas/login?service=http%3A%2F%2Flocalhost%3A3000%2F
Filter chain halted as [CASClient::Frameworks::Rails::Filter] rendered_or_redirected.
Completed in 1ms (DB: 0) | 302 Found [http://localhost/]


Processing FacultiesController#index (for 127.0.0.1 at 2011-01-02 18:24:45) [GET]
  Parameters: {:controller=>"faculties", :_method=>nil, :action=>"index", :format=>nil}
Rendering template within layouts/application
Rendering faculties/index
Rendered layouts/_header (0.2ms)
Rendered layouts/_footer (0.1ms)
Completed in 390ms (View: 2, DB: 0) | 200 OK [http://localhost/?ticket=ST-442-NXy0emzrjljoCfi5ZX4o-cas-t2]
